<?xml version="1.0" encoding="UTF-8"?>
<!-- Generated by org.testng.reporters.JUnitXMLReporter -->
<testsuite ignored="0" hostname="KarFamily" failures="0" tests="3" name="SubmitOrderTest" time="28.504" errors="0" timestamp="2025-01-29T07:47:03 IST">
  <testcase classname="kartestingprojects.seleniumjavatest.cartApply" name="submitProductTest" time="5.427"/>
  <testcase classname="kartestingprojects.seleniumjavatest.cartApply" name="submitProductTest" time="5.553"/>
  <testcase classname="kartestingprojects.seleniumjavatest.cartApply" name="OrderCheckTest" time="1.155"/>
</testsuite> <!-- SubmitOrderTest -->
