<?xml version="1.0" encoding="UTF-8"?>
<!-- Generated by org.testng.reporters.JUnitXMLReporter -->
<testsuite ignored="0" hostname="KarFamily" failures="0" tests="2" name="ErrorValidationTest" time="13.846" errors="0" timestamp="2025-01-30T07:14:15 IST">
  <testcase classname="kartestingprojects.seleniumjavatest.errorValidations" name="loginPageValidation" time="1.01"/>
  <testcase classname="kartestingprojects.seleniumjavatest.errorValidations" name="productCatalougueValidation" time="2.631"/>
</testsuite> <!-- ErrorValidationTest -->
