<?xml version="1.0" encoding="UTF-8"?>
<!-- Generated by org.testng.reporters.JUnitXMLReporter -->
<testsuite ignored="0" hostname="KarFamily" failures="0" tests="3" name="SubmitOrderTest" time="28.318" errors="0" timestamp="2025-01-30T07:14:28 IST">
  <testcase classname="kartestingprojects.seleniumjavatest.cartApply" name="submitProductTest" time="6.474"/>
  <testcase classname="kartestingprojects.seleniumjavatest.cartApply" name="submitProductTest" time="5.855"/>
  <testcase classname="kartestingprojects.seleniumjavatest.cartApply" name="OrderCheckTest" time="1.452"/>
</testsuite> <!-- SubmitOrderTest -->
